<?xml version="1.0" encoding="UTF-8"?>
<!-- Generated by org.testng.reporters.JUnitReportReporter -->
<testsuite skipped="0" hostname="ROY-PC" name="seleniumPractice.ExcelRead" tests="2" failures="0" timestamp="12 Nov 2016 17:25:41 GMT" time="20.340" errors="0">
  <testcase name="f" time="10.360" classname="seleniumPractice.ExcelRead"/>
  <testcase name="f" time="9.980" classname="seleniumPractice.ExcelRead"/>
</testsuite> <!-- seleniumPractice.ExcelRead -->
